

Version:	3.14
CmdLine:	C:\Users\User\eclipse-workspace\NumberMethods\NumericIntegrating\lab6_NumericIntegrating.exe --l4j-debug
WOW64:		yes
Working dir:	C:\Users\User\eclipse-workspace\NumberMethods\NumericIntegrating\.
Java min ver:	1.004.001
Java max ver:	
64-bit search:	SOFTWARE\JavaSoft\Java Runtime Environment...
Check:		SOFTWARE\JavaSoft\Java Runtime Environment\1.8
Check launcher:	C:\Program Files\Java\jre1.8.0_231\bin\javaw.exe (OK)
Match:		1.008.000
Check:		SOFTWARE\JavaSoft\Java Runtime Environment\1.8.0_231
Check launcher:	C:\Program Files\Java\jre1.8.0_231\bin\javaw.exe (OK)
Match:		1.008.000_231
64-bit search:	SOFTWARE\JavaSoft\Java Development Kit...
Check:		SOFTWARE\JavaSoft\Java Development Kit\1.8
Ignore:		1.008.000
Check:		SOFTWARE\JavaSoft\Java Development Kit\1.8.0_201
Ignore:		1.008.000_201
64-bit search:	SOFTWARE\JavaSoft\JRE...
64-bit search:	SOFTWARE\JavaSoft\JDK...
Runtime used:	1.008.000_231 (64-bit)
Launcher:	C:\Program Files\Java\jre1.8.0_231\bin\javaw.exe
Launcher args:	-jar "C:\Users\User\eclipse-workspace\NumberMethods\NumericIntegrating\lab6_NumericIntegrating.exe"
Args length:	99/32768 chars
Exit code:	0


Version:	3.14
CmdLine:	C:\Users\User\eclipse-workspace\NumberMethods\NumericIntegrating\lab6_NumericIntegrating.exe --l4j-debug
WOW64:		yes
Working dir:	C:\Users\User\eclipse-workspace\NumberMethods\NumericIntegrating\.
Java min ver:	1.004.001
Java max ver:	
64-bit search:	SOFTWARE\JavaSoft\Java Runtime Environment...
Check:		SOFTWARE\JavaSoft\Java Runtime Environment\1.8
Check launcher:	C:\Program Files\Java\jre1.8.0_231\bin\javaw.exe (OK)
Match:		1.008.000
Check:		SOFTWARE\JavaSoft\Java Runtime Environment\1.8.0_231
Check launcher:	C:\Program Files\Java\jre1.8.0_231\bin\javaw.exe (OK)
Match:		1.008.000_231
64-bit search:	SOFTWARE\JavaSoft\Java Development Kit...
Check:		SOFTWARE\JavaSoft\Java Development Kit\1.8
Ignore:		1.008.000
Check:		SOFTWARE\JavaSoft\Java Development Kit\1.8.0_201
Ignore:		1.008.000_201
64-bit search:	SOFTWARE\JavaSoft\JRE...
64-bit search:	SOFTWARE\JavaSoft\JDK...
Runtime used:	1.008.000_231 (64-bit)
Launcher:	C:\Program Files\Java\jre1.8.0_231\bin\javaw.exe
Launcher args:	-jar "C:\Users\User\eclipse-workspace\NumberMethods\NumericIntegrating\lab6_NumericIntegrating.exe"
Args length:	99/32768 chars
Exit code:	0


Version:	3.14
CmdLine:	C:\Users\User\eclipse-workspace\NumberMethods\NumericIntegrating\lab6_NumericIntegrating.exe --l4j-debug
WOW64:		yes
Working dir:	C:\Users\User\eclipse-workspace\NumberMethods\NumericIntegrating\.
Java min ver:	1.004.001
Java max ver:	
64-bit search:	SOFTWARE\JavaSoft\Java Runtime Environment...
Check:		SOFTWARE\JavaSoft\Java Runtime Environment\1.8
Check launcher:	C:\Program Files\Java\jre1.8.0_231\bin\javaw.exe (OK)
Match:		1.008.000
Check:		SOFTWARE\JavaSoft\Java Runtime Environment\1.8.0_231
Check launcher:	C:\Program Files\Java\jre1.8.0_231\bin\javaw.exe (OK)
Match:		1.008.000_231
64-bit search:	SOFTWARE\JavaSoft\Java Development Kit...
Check:		SOFTWARE\JavaSoft\Java Development Kit\1.8
Ignore:		1.008.000
Check:		SOFTWARE\JavaSoft\Java Development Kit\1.8.0_201
Ignore:		1.008.000_201
64-bit search:	SOFTWARE\JavaSoft\JRE...
64-bit search:	SOFTWARE\JavaSoft\JDK...
Runtime used:	1.008.000_231 (64-bit)
Launcher:	C:\Program Files\Java\jre1.8.0_231\bin\javaw.exe
Launcher args:	-jar "C:\Users\User\eclipse-workspace\NumberMethods\NumericIntegrating\lab6_NumericIntegrating.exe"
Args length:	99/32768 chars
Exit code:	0


Version:	3.14
CmdLine:	C:\Users\User\eclipse-workspace\NumberMethods\NumericIntegrating\lab6_NumericIntegrating.exe --l4j-debug
WOW64:		yes
Working dir:	C:\Users\User\eclipse-workspace\NumberMethods\NumericIntegrating\.
Java min ver:	1.004.001
Java max ver:	
64-bit search:	SOFTWARE\JavaSoft\Java Runtime Environment...
Check:		SOFTWARE\JavaSoft\Java Runtime Environment\1.8
Check launcher:	C:\Program Files\Java\jre1.8.0_231\bin\javaw.exe (OK)
Match:		1.008.000
Check:		SOFTWARE\JavaSoft\Java Runtime Environment\1.8.0_231
Check launcher:	C:\Program Files\Java\jre1.8.0_231\bin\javaw.exe (OK)
Match:		1.008.000_231
64-bit search:	SOFTWARE\JavaSoft\Java Development Kit...
Check:		SOFTWARE\JavaSoft\Java Development Kit\1.8
Ignore:		1.008.000
Check:		SOFTWARE\JavaSoft\Java Development Kit\1.8.0_201
Ignore:		1.008.000_201
64-bit search:	SOFTWARE\JavaSoft\JRE...
64-bit search:	SOFTWARE\JavaSoft\JDK...
Runtime used:	1.008.000_231 (64-bit)
Launcher:	C:\Program Files\Java\jre1.8.0_231\bin\javaw.exe
Launcher args:	-jar "C:\Users\User\eclipse-workspace\NumberMethods\NumericIntegrating\lab6_NumericIntegrating.exe"
Args length:	99/32768 chars
Exit code:	0
